Flow report for xevious_de10_lite
Mon Nov 21 19:21:54 2022
Quartus Prime Version 17.1.0 Build 590 10/25/2017 SJ Lite Edition


---------------------
; Table of Contents ;
---------------------
  1. Legal Notice
  2. Flow Summary
  3. Flow Settings
  4. Flow Non-Default Global Settings
  5. Flow Elapsed Time
  6. Flow OS Summary
  7. Flow Log
  8. Flow Messages
  9. Flow Suppressed Messages



----------------
; Legal Notice ;
----------------
Copyright (C) 2017  Intel Corporation. All rights reserved.
Your use of Intel Corporation's design tools, logic functions 
and other software and tools, and its AMPP partner logic 
functions, and any output files from any of the foregoing 
(including device programming or simulation files), and any 
associated documentation or information are expressly subject 
to the terms and conditions of the Intel Program License 
Subscription Agreement, the Intel Quartus Prime License Agreement,
the Intel FPGA IP License Agreement, or other applicable license
agreement, including, without limitation, that your use is for
the sole purpose of programming logic devices manufactured by
Intel and sold by Intel or its authorized distributors.  Please
refer to the applicable agreement for further details.



+----------------------------------------------------------------------------------+
; Flow Summary                                                                     ;
+------------------------------------+---------------------------------------------+
; Flow Status                        ; Successful - Mon Nov 21 19:21:54 2022       ;
; Quartus Prime Version              ; 17.1.0 Build 590 10/25/2017 SJ Lite Edition ;
; Revision Name                      ; xevious_de10_lite                           ;
; Top-level Entity Name              ; xevious_de10_lite                           ;
; Family                             ; MAX 10                                      ;
; Device                             ; 10M50DAF484C6GES                            ;
; Timing Models                      ; Preliminary                                 ;
; Total logic elements               ; 11,875 / 49,760 ( 24 % )                    ;
;     Total combinational functions  ; 10,978 / 49,760 ( 22 % )                    ;
;     Dedicated logic registers      ; 3,281 / 49,760 ( 7 % )                      ;
; Total registers                    ; 3281                                        ;
; Total pins                         ; 138 / 360 ( 38 % )                          ;
; Total virtual pins                 ; 0                                           ;
; Total memory bits                  ; 852,992 / 1,677,312 ( 51 % )                ;
; Embedded Multiplier 9-bit elements ; 0 / 288 ( 0 % )                             ;
; Total PLLs                         ; 1 / 4 ( 25 % )                              ;
; UFM blocks                         ; 0 / 1 ( 0 % )                               ;
; ADC blocks                         ; 0 / 2 ( 0 % )                               ;
+------------------------------------+---------------------------------------------+


+-----------------------------------------+
; Flow Settings                           ;
+-------------------+---------------------+
; Option            ; Setting             ;
+-------------------+---------------------+
; Start date & time ; 11/21/2022 19:17:56 ;
; Main task         ; Compilation         ;
; Revision Name     ; xevious_de10_lite   ;
+-------------------+---------------------+


+-----------------------------------------------------------------------------------------------------------------------------+
; Flow Non-Default Global Settings                                                                                            ;
+-------------------------------------+----------------------------------------+---------------+-------------+----------------+
; Assignment Name                     ; Value                                  ; Default Value ; Entity Name ; Section Id     ;
+-------------------------------------+----------------------------------------+---------------+-------------+----------------+
; COMPILER_SIGNATURE_ID               ; 190135458541196.166905467614036        ; --            ; --          ; --             ;
; EDA_OUTPUT_DATA_FORMAT              ; Vhdl                                   ; --            ; --          ; eda_simulation ;
; EDA_SIMULATION_TOOL                 ; ModelSim-Altera (VHDL)                 ; <None>        ; --          ; --             ;
; EDA_TIME_SCALE                      ; 1 ps                                   ; --            ; --          ; eda_simulation ;
; ENABLE_SIGNALTAP                    ; Off                                    ; --            ; --          ; --             ;
; MAX_CORE_JUNCTION_TEMP              ; 85                                     ; --            ; --          ; --             ;
; MIN_CORE_JUNCTION_TEMP              ; 0                                      ; --            ; --          ; --             ;
; OUTPUT_IO_TIMING_FAR_END_VMEAS      ; Half Signal Swing                      ; --            ; --          ; --             ;
; OUTPUT_IO_TIMING_FAR_END_VMEAS      ; Half Signal Swing                      ; --            ; --          ; --             ;
; OUTPUT_IO_TIMING_NEAR_END_VMEAS     ; Half Vccio                             ; --            ; --          ; --             ;
; OUTPUT_IO_TIMING_NEAR_END_VMEAS     ; Half Vccio                             ; --            ; --          ; --             ;
; PARTITION_COLOR                     ; -- (Not supported for targeted family) ; --            ; --          ; Top            ;
; PARTITION_FITTER_PRESERVATION_LEVEL ; -- (Not supported for targeted family) ; --            ; --          ; Top            ;
; PARTITION_NETLIST_TYPE              ; -- (Not supported for targeted family) ; --            ; --          ; Top            ;
; POWER_BOARD_THERMAL_MODEL           ; None (CONSERVATIVE)                    ; --            ; --          ; --             ;
; POWER_PRESET_COOLING_SOLUTION       ; 23 MM HEAT SINK WITH 200 LFPM AIRFLOW  ; --            ; --          ; --             ;
; PROJECT_OUTPUT_DIRECTORY            ; output_files                           ; --            ; --          ; --             ;
; USE_SIGNALTAP_FILE                  ; output_files/stp4.stp                  ; --            ; --          ; --             ;
+-------------------------------------+----------------------------------------+---------------+-------------+----------------+


+-------------------------------------------------------------------------------------------------------------------------------+
; Flow Elapsed Time                                                                                                             ;
+---------------------------+--------------+-------------------------+---------------------+------------------------------------+
; Module Name               ; Elapsed Time ; Average Processors Used ; Peak Virtual Memory ; Total CPU Time (on all processors) ;
+---------------------------+--------------+-------------------------+---------------------+------------------------------------+
; Analysis & Synthesis      ; 00:01:37     ; 1.0                     ; 1080 MB             ; 00:01:57                           ;
; Fitter                    ; 00:01:44     ; 1.2                     ; 1504 MB             ; 00:02:31                           ;
; Assembler                 ; 00:00:07     ; 1.0                     ; 841 MB              ; 00:00:06                           ;
; TimeQuest Timing Analyzer ; 00:00:18     ; 1.5                     ; 947 MB              ; 00:00:26                           ;
; EDA Netlist Writer        ; 00:00:03     ; 1.0                     ; 1207 MB             ; 00:00:04                           ;
; Total                     ; 00:03:49     ; --                      ; --                  ; 00:05:04                           ;
+---------------------------+--------------+-------------------------+---------------------+------------------------------------+


+---------------------------------------------------------------------------------------------+
; Flow OS Summary                                                                             ;
+---------------------------+------------------+----------------+------------+----------------+
; Module Name               ; Machine Hostname ; OS Name        ; OS Version ; Processor type ;
+---------------------------+------------------+----------------+------------+----------------+
; Analysis & Synthesis      ; jordi-TM1613     ; Ubuntu 20.04.4 ; 20         ; x86_64         ;
; Fitter                    ; jordi-TM1613     ; Ubuntu 20.04.4 ; 20         ; x86_64         ;
; Assembler                 ; jordi-TM1613     ; Ubuntu 20.04.4 ; 20         ; x86_64         ;
; TimeQuest Timing Analyzer ; jordi-TM1613     ; Ubuntu 20.04.4 ; 20         ; x86_64         ;
; EDA Netlist Writer        ; jordi-TM1613     ; Ubuntu 20.04.4 ; 20         ; x86_64         ;
+---------------------------+------------------+----------------+------------+----------------+


------------
; Flow Log ;
------------
quartus_map --read_settings_files=on --write_settings_files=off xevious_de10_lite -c xevious_de10_lite
quartus_fit --read_settings_files=off --write_settings_files=off xevious_de10_lite -c xevious_de10_lite
quartus_asm --read_settings_files=off --write_settings_files=off xevious_de10_lite -c xevious_de10_lite
quartus_sta xevious_de10_lite -c xevious_de10_lite
quartus_eda --read_settings_files=off --write_settings_files=off xevious_de10_lite -c xevious_de10_lite



